Using pre-set license
Built from '6000.0/staging' branch; Version is '6000.0.47f1 (2ad1ed33fd3b) revision 2806253'; Using compiler version '193933523'; Build Type 'Release'
OS: 'Windows 11  (10.0.26100) 64bit Professional' Language: 'es' Physical Memory: 15591 MB
BatchMode: 1, IsHumanControllingUs: 0, StartBugReporterOnCrash: 0, Is64bit: 1, IsPro: 1

COMMAND LINE ARGUMENTS:
C:\Program Files\Unity\Hub\Editor\6000.0.47f1\Editor\Unity.exe
-adb2
-batchMode
-noUpm
-name
AssetImportWorker4
-projectPath
C:/Users/tomas/OneDrive/Documentos/GitHub/Parcial1_IA/Parcial01_IA
-logFile
Logs/AssetImportWorker4.log
-srvPort
49993
-job-worker-count
7
-background-job-worker-count
8
-gc-helper-count
1
Successfully changed project path to: C:/Users/tomas/OneDrive/Documentos/GitHub/Parcial1_IA/Parcial01_IA
C:/Users/tomas/OneDrive/Documentos/GitHub/Parcial1_IA/Parcial01_IA
[UnityMemory] Configuration Parameters - Can be set up in boot.config
    "memorysetup-bucket-allocator-granularity=16"
    "memorysetup-bucket-allocator-bucket-count=8"
    "memorysetup-bucket-allocator-block-size=33554432"
    "memorysetup-bucket-allocator-block-count=8"
    "memorysetup-main-allocator-block-size=16777216"
    "memorysetup-thread-allocator-block-size=16777216"
    "memorysetup-gfx-main-allocator-block-size=16777216"
    "memorysetup-gfx-thread-allocator-block-size=16777216"
    "memorysetup-cache-allocator-block-size=4194304"
    "memorysetup-typetree-allocator-block-size=2097152"
    "memorysetup-profiler-bucket-allocator-granularity=16"
    "memorysetup-profiler-bucket-allocator-bucket-count=8"
    "memorysetup-profiler-bucket-allocator-block-size=33554432"
    "memorysetup-profiler-bucket-allocator-block-count=8"
    "memorysetup-profiler-allocator-block-size=16777216"
    "memorysetup-profiler-editor-allocator-block-size=1048576"
    "memorysetup-temp-allocator-size-main=16777216"
    "memorysetup-job-temp-allocator-block-size=2097152"
    "memorysetup-job-temp-allocator-block-size-background=1048576"
    "memorysetup-job-temp-allocator-reduction-small-platforms=262144"
    "memorysetup-allocator-temp-initial-block-size-main=262144"
    "memorysetup-allocator-temp-initial-block-size-worker=262144"
    "memorysetup-temp-allocator-size-background-worker=32768"
    "memorysetup-temp-allocator-size-job-worker=262144"
    "memorysetup-temp-allocator-size-preload-manager=33554432"
    "memorysetup-temp-allocator-size-nav-mesh-worker=65536"
    "memorysetup-temp-allocator-size-audio-worker=65536"
    "memorysetup-temp-allocator-size-cloud-worker=32768"
    "memorysetup-temp-allocator-size-gi-baking-worker=262144"
    "memorysetup-temp-allocator-size-gi-baking-worker=262144"
    "memorysetup-temp-allocator-size-gi-baking-worker=262144"
    "memorysetup-temp-allocator-size-gi-baking-worker=262144"
    "memorysetup-temp-allocator-size-gi-baking-worker=262144"
    "memorysetup-temp-allocator-size-gfx=262144"
Player connection [19192]  Target information:

Player connection [19192]  * "[IP] 192.168.1.2 [Port] 0 [Flags] 2 [Guid] 906469392 [EditorId] 906469392 [Version] 1048832 [Id] WindowsEditor(7,LAPTOP-DF7FVOP9) [Debug] 1 [PackageName] WindowsEditor [ProjectName] Editor" 

Player connection [19192] Host joined multi-casting on [225.0.0.222:54997]...
Player connection [19192] Host joined alternative multi-casting on [225.0.0.222:34997]...
JobSystem: Creating JobQueue using job-worker-count value 7
Input System module state changed to: Initialized.
[Physics::Module] Initialized fallback backend.
[Physics::Module] Id: 0xdecafbad
Library Redirect Path: Library/
[Physics::Module] Selected backend.
[Physics::Module] Name: PhysX
[Physics::Module] Id: 0xf2b8ea05
[Physics::Module] SDK Version: 4.1.2
[Physics::Module] Integration Version: 1.0.0
[Physics::Module] Threading Mode: Multi-Threaded
Refreshing native plugins compatible for Editor in 7.14 ms, found 3 plugins.
Preloading 0 native plugins for Editor in 0.00 ms.
Initialize engine version: 6000.0.47f1 (2ad1ed33fd3b)
[Subsystems] Discovering subsystems at path C:/Program Files/Unity/Hub/Editor/6000.0.47f1/Editor/Data/Resources/UnitySubsystems
[Subsystems] Discovering subsystems at path C:/Users/tomas/OneDrive/Documentos/GitHub/Parcial1_IA/Parcial01_IA/Assets
GfxDevice: creating device client; kGfxThreadingModeNonThreaded
Direct3D:
    Version:  Direct3D 11.0 [level 11.1]
    Renderer: AMD Radeon(TM) Renoir Graphics D1 (ID=0x1636)
    Vendor:   ATI
    VRAM:     7795 MB
    Driver:   31.0.21905.1001
Initialize mono
Mono path[0] = 'C:/Program Files/Unity/Hub/Editor/6000.0.47f1/Editor/Data/Managed'
Mono path[1] = 'C:/Program Files/Unity/Hub/Editor/6000.0.47f1/Editor/Data/MonoBleedingEdge/lib/mono/unityjit-win32'
Mono config path = 'C:/Program Files/Unity/Hub/Editor/6000.0.47f1/Editor/Data/MonoBleedingEdge/etc'
Using monoOptions --debugger-agent=transport=dt_socket,embedding=1,server=y,suspend=n,address=127.0.0.1:56260
Begin MonoManager ReloadAssembly
Registering precompiled unity dll's ...
Register platform support module: C:/Program Files/Unity/Hub/Editor/6000.0.47f1/Editor/Data/PlaybackEngines/WindowsStandaloneSupport/UnityEditor.WindowsStandalone.Extensions.dll
Registered in 0.010568 seconds.
- Loaded All Assemblies, in  1.265 seconds
Native extension for WindowsStandalone target not found
Mono: successfully reloaded assembly
- Finished resetting the current domain, in  1.033 seconds
Domain Reload Profiling: 2288ms
	BeginReloadAssembly (406ms)
		ExecutionOrderSort (0ms)
		DisableScriptedObjects (0ms)
		BackupInstance (0ms)
		ReleaseScriptingObjects (0ms)
		CreateAndSetChildDomain (2ms)
	RebuildCommonClasses (126ms)
	RebuildNativeTypeToScriptingClass (42ms)
	initialDomainReloadingComplete (180ms)
	LoadAllAssembliesAndSetupDomain (500ms)
		LoadAssemblies (396ms)
		RebuildTransferFunctionScriptingTraits (0ms)
		AnalyzeDomain (493ms)
			TypeCache.Refresh (488ms)
				TypeCache.ScanAssembly (452ms)
			BuildScriptInfoCaches (0ms)
			ResolveRequiredComponents (1ms)
	FinalizeReload (1034ms)
		ReleaseScriptCaches (0ms)
		RebuildScriptCaches (0ms)
		SetupLoadedEditorAssemblies (904ms)
			LogAssemblyErrors (0ms)
			InitializePlatformSupportModulesInManaged (77ms)
			SetLoadedEditorAssemblies (13ms)
			BeforeProcessingInitializeOnLoad (165ms)
			ProcessInitializeOnLoadAttributes (482ms)
			ProcessInitializeOnLoadMethodAttributes (167ms)
			AfterProcessingInitializeOnLoad (0ms)
			EditorAssembliesLoaded (0ms)
		ExecutionOrderSort2 (0ms)
		AwakeInstancesAfterBackupRestoration (0ms)
========================================================================
Worker process is ready to serve import requests
Import Worker Mode flag is 0x00
Begin MonoManager ReloadAssembly
- Loaded All Assemblies, in  2.122 seconds
Refreshing native plugins compatible for Editor in 3.20 ms, found 3 plugins.
Native extension for WindowsStandalone target not found
Mono: successfully reloaded assembly
- Finished resetting the current domain, in  1.741 seconds
Domain Reload Profiling: 3851ms
	BeginReloadAssembly (596ms)
		ExecutionOrderSort (0ms)
		DisableScriptedObjects (21ms)
		BackupInstance (0ms)
		ReleaseScriptingObjects (0ms)
		CreateAndSetChildDomain (127ms)
	RebuildCommonClasses (111ms)
	RebuildNativeTypeToScriptingClass (37ms)
	initialDomainReloadingComplete (122ms)
	LoadAllAssembliesAndSetupDomain (1243ms)
		LoadAssemblies (949ms)
		RebuildTransferFunctionScriptingTraits (0ms)
		AnalyzeDomain (629ms)
			TypeCache.Refresh (517ms)
				TypeCache.ScanAssembly (483ms)
			BuildScriptInfoCaches (91ms)
			ResolveRequiredComponents (15ms)
	FinalizeReload (1742ms)
		ReleaseScriptCaches (0ms)
		RebuildScriptCaches (0ms)
		SetupLoadedEditorAssemblies (1407ms)
			LogAssemblyErrors (0ms)
			InitializePlatformSupportModulesInManaged (7ms)
			SetLoadedEditorAssemblies (10ms)
			BeforeProcessingInitializeOnLoad (303ms)
			ProcessInitializeOnLoadAttributes (993ms)
			ProcessInitializeOnLoadMethodAttributes (73ms)
			AfterProcessingInitializeOnLoad (20ms)
			EditorAssembliesLoaded (0ms)
		ExecutionOrderSort2 (0ms)
		AwakeInstancesAfterBackupRestoration (16ms)
Launched and connected shader compiler UnityShaderCompiler.exe after 0.04 seconds
Refreshing native plugins compatible for Editor in 5.87 ms, found 3 plugins.
Preloading 0 native plugins for Editor in 0.00 ms.
Unloading 22 Unused Serialized files (Serialized files now loaded: 0)
Unloading 3801 unused Assets / (1.3 MB). Loaded Objects now: 4303.
Memory consumption went from 88.4 MB to 87.1 MB.
Total: 18.059200 ms (FindLiveObjects: 0.828700 ms CreateObjectMapping: 0.870500 ms MarkObjects: 13.567600 ms  DeleteObjects: 2.787300 ms)

========================================================================
Received Import Request.
  Time since last request: 104664.520116 seconds.
  path: Assets/Little_GhostLP(FREE)/Documentation
  artifactKey: Guid(5e54cd6f79ee2c14888e7a62e6ad159e) Importer(815301076,1909f56bfc062723c751e8b465ee728b)
Start importing Assets/Little_GhostLP(FREE)/Documentation using Guid(5e54cd6f79ee2c14888e7a62e6ad159e) Importer(815301076,1909f56bfc062723c751e8b465ee728b) (PreviewImporter) -> (artifact id: '4b50db10f5736a7976b927fa94427f30') in 0.0094852 seconds
Number of updated asset objects reloaded before import = 0Number of asset objects unloaded after import = 0

========================================================================
Received Import Request.
  Time since last request: 1.139609 seconds.
  path: Assets/Little_GhostLP(FREE)/Animations
  artifactKey: Guid(df79754c929da364cb46637e18ef376f) Importer(815301076,1909f56bfc062723c751e8b465ee728b)
Start importing Assets/Little_GhostLP(FREE)/Animations using Guid(df79754c929da364cb46637e18ef376f) Importer(815301076,1909f56bfc062723c751e8b465ee728b) (PreviewImporter) -> (artifact id: '7cbe59c12b1222b8a93ee1a25d332408') in 0.0012259 seconds
Number of updated asset objects reloaded before import = 0Number of asset objects unloaded after import = 0

========================================================================
Received Import Request.
  Time since last request: 968.791821 seconds.
  path: Assets/Monster_Ghosts_FREE
  artifactKey: Guid(c8b3e51dbaf744c4784f64a4bd84c1c7) Importer(815301076,1909f56bfc062723c751e8b465ee728b)
Start importing Assets/Monster_Ghosts_FREE using Guid(c8b3e51dbaf744c4784f64a4bd84c1c7) Importer(815301076,1909f56bfc062723c751e8b465ee728b) (PreviewImporter) -> (artifact id: '1ba5c454743acaf31f987ed60f51bfe2') in 0.0013263 seconds
Number of updated asset objects reloaded before import = 0Number of asset objects unloaded after import = 0

========================================================================
Received Import Request.
  Time since last request: 9.300817 seconds.
  path: Assets/Monster_Ghosts_FREE/Mesh/Little_Ghost_ZOMBANGEL.fbx
  artifactKey: Guid(9ad131497dd2d1545b6c35e7cc732b35) Importer(815301076,1909f56bfc062723c751e8b465ee728b)
Start importing Assets/Monster_Ghosts_FREE/Mesh/Little_Ghost_ZOMBANGEL.fbx using Guid(9ad131497dd2d1545b6c35e7cc732b35) Importer(815301076,1909f56bfc062723c751e8b465ee728b) (PreviewImporter) -> (artifact id: 'a342bee59698d504b87fa6e5c396760e') in 0.6103771 seconds
Number of updated asset objects reloaded before import = 0Number of asset objects unloaded after import = 41

========================================================================
Received Import Request.
  Time since last request: 63.825198 seconds.
  path: Assets/Monster_Ghosts_FREE/Material
  artifactKey: Guid(ba41f0e1c16e6c043b4cb31f1463144a) Importer(815301076,1909f56bfc062723c751e8b465ee728b)
Start importing Assets/Monster_Ghosts_FREE/Material using Guid(ba41f0e1c16e6c043b4cb31f1463144a) Importer(815301076,1909f56bfc062723c751e8b465ee728b) (PreviewImporter) -> (artifact id: '60c4745f2e5509c481aa29fa4a774fbb') in 0.0016391 seconds
Number of updated asset objects reloaded before import = 0Number of asset objects unloaded after import = 0

========================================================================
Received Import Request.
  Time since last request: 0.047588 seconds.
  path: Assets/Monster_Ghosts_FREE/Material/Angel.mat
  artifactKey: Guid(53508ca0e9b9ca94d9733ea1de730af3) Importer(815301076,1909f56bfc062723c751e8b465ee728b)
Start importing Assets/Monster_Ghosts_FREE/Material/Angel.mat using Guid(53508ca0e9b9ca94d9733ea1de730af3) Importer(815301076,1909f56bfc062723c751e8b465ee728b) (PreviewImporter) -> (artifact id: '2579bb445c5c015c819a6bd873bcaebb') in 0.0453876 seconds
Number of updated asset objects reloaded before import = 0Number of asset objects unloaded after import = 1

========================================================================
Received Import Request.
  Time since last request: 0.000053 seconds.
  path: Assets/Monster_Ghosts_FREE/Material/Floor.mat
  artifactKey: Guid(71dd4bd2b1219c14396b662839c89a0b) Importer(815301076,1909f56bfc062723c751e8b465ee728b)
Start importing Assets/Monster_Ghosts_FREE/Material/Floor.mat using Guid(71dd4bd2b1219c14396b662839c89a0b) Importer(815301076,1909f56bfc062723c751e8b465ee728b) (PreviewImporter) -> (artifact id: 'ca31e4ac4aa57376e597048493f115a5') in 0.0422954 seconds
Number of updated asset objects reloaded before import = 0Number of asset objects unloaded after import = 1

========================================================================
Received Import Request.
  Time since last request: 8.149239 seconds.
  path: Assets/Monster_Ghosts_FREE/Material/Ghost
  artifactKey: Guid(18a5490178a430a4d963dd6646e4c543) Importer(815301076,1909f56bfc062723c751e8b465ee728b)
Start importing Assets/Monster_Ghosts_FREE/Material/Ghost using Guid(18a5490178a430a4d963dd6646e4c543) Importer(815301076,1909f56bfc062723c751e8b465ee728b) (PreviewImporter) -> (artifact id: '3b05d74545a8bf95f7e8cc7235dfb55b') in 0.0015927 seconds
Number of updated asset objects reloaded before import = 0Number of asset objects unloaded after import = 0

========================================================================
Received Import Request.
  Time since last request: 0.036282 seconds.
  path: Assets/Monster_Ghosts_FREE/Material/Ghost/Z_Ghost 5.mat
  artifactKey: Guid(7138340a0d0f5ad43999a6d29c3d7253) Importer(815301076,1909f56bfc062723c751e8b465ee728b)
Start importing Assets/Monster_Ghosts_FREE/Material/Ghost/Z_Ghost 5.mat using Guid(7138340a0d0f5ad43999a6d29c3d7253) Importer(815301076,1909f56bfc062723c751e8b465ee728b) (PreviewImporter) -> (artifact id: '62e9181cb005e7e854bee32cd4504532') in 0.7599447 seconds
Number of updated asset objects reloaded before import = 0Number of asset objects unloaded after import = 4

========================================================================
Received Import Request.
  Time since last request: 0.000051 seconds.
  path: Assets/Monster_Ghosts_FREE/Material/Ghost/Z_Ghost 9.mat
  artifactKey: Guid(d9b6ad72ea76bbf47beb5a5b47c6acc5) Importer(815301076,1909f56bfc062723c751e8b465ee728b)
Start importing Assets/Monster_Ghosts_FREE/Material/Ghost/Z_Ghost 9.mat using Guid(d9b6ad72ea76bbf47beb5a5b47c6acc5) Importer(815301076,1909f56bfc062723c751e8b465ee728b) (PreviewImporter) -> (artifact id: 'be80c00134696313f3ad4fcfaac3d983') in 0.3487843 seconds
Number of updated asset objects reloaded before import = 0Number of asset objects unloaded after import = 3

========================================================================
Received Import Request.
  Time since last request: 0.000068 seconds.
  path: Assets/Monster_Ghosts_FREE/Material/Ghost/Z_Ghost 7.mat
  artifactKey: Guid(fecee374b5f232a4fa34719d72f3a7a6) Importer(815301076,1909f56bfc062723c751e8b465ee728b)
Start importing Assets/Monster_Ghosts_FREE/Material/Ghost/Z_Ghost 7.mat using Guid(fecee374b5f232a4fa34719d72f3a7a6) Importer(815301076,1909f56bfc062723c751e8b465ee728b) (PreviewImporter) -> (artifact id: '4d07e48eb1c9668ee7c45aeea3c414a6') in 0.0564154 seconds
Number of updated asset objects reloaded before import = 0Number of asset objects unloaded after import = 4

========================================================================
Received Prepare
Begin MonoManager ReloadAssembly
- Loaded All Assemblies, in  2.086 seconds
Refreshing native plugins compatible for Editor in 3.92 ms, found 3 plugins.
Native extension for WindowsStandalone target not found
Mono: successfully reloaded assembly
- Finished resetting the current domain, in  1.942 seconds
Domain Reload Profiling: 4012ms
	BeginReloadAssembly (592ms)
		ExecutionOrderSort (0ms)
		DisableScriptedObjects (17ms)
		BackupInstance (0ms)
		ReleaseScriptingObjects (0ms)
		CreateAndSetChildDomain (119ms)
	RebuildCommonClasses (140ms)
	RebuildNativeTypeToScriptingClass (58ms)
	initialDomainReloadingComplete (103ms)
	LoadAllAssembliesAndSetupDomain (1176ms)
		LoadAssemblies (1018ms)
		RebuildTransferFunctionScriptingTraits (0ms)
		AnalyzeDomain (509ms)
			TypeCache.Refresh (15ms)
				TypeCache.ScanAssembly (0ms)
			BuildScriptInfoCaches (466ms)
			ResolveRequiredComponents (17ms)
	FinalizeReload (1944ms)
		ReleaseScriptCaches (0ms)
		RebuildScriptCaches (0ms)
		SetupLoadedEditorAssemblies (1585ms)
			LogAssemblyErrors (0ms)
			InitializePlatformSupportModulesInManaged (8ms)
			SetLoadedEditorAssemblies (12ms)
			BeforeProcessingInitializeOnLoad (332ms)
			ProcessInitializeOnLoadAttributes (1124ms)
			ProcessInitializeOnLoadMethodAttributes (89ms)
			AfterProcessingInitializeOnLoad (20ms)
			EditorAssembliesLoaded (0ms)
		ExecutionOrderSort2 (0ms)
		AwakeInstancesAfterBackupRestoration (20ms)
Refreshing native plugins compatible for Editor in 6.50 ms, found 3 plugins.
Preloading 0 native plugins for Editor in 0.00 ms.
Unloading 1 Unused Serialized files (Serialized files now loaded: 0)
Unloading 3799 unused Assets / (1.4 MB). Loaded Objects now: 4351.
Memory consumption went from 98.7 MB to 97.3 MB.
Total: 19.741100 ms (FindLiveObjects: 0.960400 ms CreateObjectMapping: 1.290900 ms MarkObjects: 13.787500 ms  DeleteObjects: 3.699500 ms)

Prepare: number of updated asset objects reloaded= 0
Editor requested this worker to shutdown with reason: Scaling down because of idle timeout
AssetImportWorker is now disconnected from the server
Process exiting
Exiting without the bug reporter. Application will terminate with return code 0